Results for 3nn
     accuracy  precision    recall        f1
0    0.875137   0.884768  0.888298  0.886530
1    0.868930   0.873418  0.885811  0.879571
2    0.877693   0.893574  0.883521  0.888519
3    0.867835   0.874356  0.890420  0.882315
4    0.869660   0.884238  0.882507  0.883371
5    0.870391   0.894134  0.870079  0.881942
6    0.878058   0.895295  0.884741  0.889987
7    0.878058   0.883566  0.893073  0.888294
8    0.873677   0.884183  0.886530  0.885355
9    0.876962   0.884741  0.893519  0.889108
10   0.874042   0.890204  0.883812  0.886996
11   0.870391   0.885562  0.879128  0.882333
12   0.871486   0.885389  0.879494  0.882432
13   0.869295   0.877822  0.883690  0.880746
14   0.871121   0.877238  0.894977  0.886019
15   0.879883   0.893829  0.888522  0.891168
16   0.882439   0.884967  0.902667  0.893729
17   0.866375   0.870419  0.887850  0.879048
18   0.862359   0.867105  0.882786  0.874876
19   0.871851   0.879265  0.889184  0.884197
20   0.874407   0.874005  0.895380  0.884564
21   0.876962   0.900067  0.877124  0.888448
22   0.868565   0.881777  0.882930  0.882353
23   0.875502   0.883152  0.884956  0.884053
24   0.879883   0.883075  0.902310  0.892589
25   0.872216   0.882620  0.889542  0.886068
26   0.863089   0.866137  0.883108  0.874540
27   0.883534   0.890574  0.898271  0.894406
28   0.879518   0.898148  0.885267  0.891661
29   0.869660   0.866970  0.897849  0.882139
..        ...        ...       ...       ...
170  0.879883   0.882889  0.901062  0.891883
171  0.872581   0.878431  0.891838  0.885084
172  0.878058   0.881692  0.895903  0.888741
173  0.872216   0.866710  0.903962  0.884944
174  0.871486   0.877076  0.887693  0.882353
175  0.867105   0.870274  0.890000  0.880026
176  0.883899   0.893742  0.898427  0.896078
177  0.876597   0.880528  0.894702  0.887558
178  0.874042   0.887361  0.886780  0.887070
179  0.869660   0.880240  0.882000  0.881119
180  0.878058   0.892397  0.892397  0.892397
181  0.870391   0.884820  0.879550  0.882177
182  0.878788   0.883553  0.896529  0.889993
183  0.884995   0.886680  0.902834  0.894684
184  0.866009   0.869536  0.885367  0.877381
185  0.868200   0.873927  0.886212  0.880027
186  0.877327   0.889104  0.893714  0.891403
187  0.861263   0.864078  0.887043  0.875410
188  0.878058   0.883300  0.891672  0.887466
189  0.876962   0.883721  0.897049  0.890335
190  0.880613   0.878849  0.899931  0.889265
191  0.872216   0.886272  0.879172  0.882708
192  0.872581   0.888451  0.883235  0.885836
193  0.876962   0.879973  0.894808  0.887329
194  0.870026   0.887076  0.881323  0.884190
195  0.871486   0.886408  0.882930  0.884666
196  0.882439   0.899734  0.887942  0.893799
197  0.875137   0.878768  0.895194  0.886905
198  0.869660   0.883456  0.878162  0.880801
199  0.880978   0.891089  0.893448  0.892267

[200 rows x 4 columns]
accuracy     0.873468
precision    0.880881
recall       0.890049
f1           0.885397
dtype: float64
Results for 5nn
     accuracy  precision    recall        f1
0    0.872581   0.879684  0.889628  0.884628
1    0.866740   0.864141  0.893919  0.878778
2    0.863819   0.874835  0.878888  0.876857
3    0.860168   0.862683  0.890420  0.876332
4    0.861993   0.876141  0.877285  0.876712
5    0.868565   0.886968  0.875328  0.881110
6    0.871486   0.880752  0.889980  0.885342
7    0.861993   0.865043  0.883658  0.874251
8    0.866009   0.868693  0.891175  0.879790
9    0.872216   0.874356  0.897487  0.885770
10   0.869660   0.871131  0.900131  0.885393
11   0.864549   0.869903  0.887715  0.878719
12   0.862359   0.871287  0.878828  0.875041
13   0.865279   0.869024  0.887032  0.877936
14   0.866375   0.870476  0.894325  0.882239
15   0.870026   0.875162  0.892480  0.883736
16   0.871486   0.861917  0.911333  0.885936
17   0.856882   0.856314  0.887183  0.871475
18   0.863089   0.866798  0.884796  0.875704
19   0.855422   0.859082  0.881885  0.870334
20   0.854691   0.849609  0.886549  0.867686
21   0.875137   0.892857  0.882353  0.887574
22   0.861263   0.866624  0.888162  0.877261
23   0.863819   0.861001  0.889721  0.875126
24   0.865644   0.868337  0.892409  0.880208
25   0.864914   0.865239  0.898039  0.881334
26   0.860898   0.860801  0.885811  0.873127
27   0.873677   0.869260  0.906250  0.887370
28   0.867470   0.881931  0.881356  0.881643
29   0.862724   0.855045  0.899866  0.876883
..        ...        ...       ...       ...
170  0.874772   0.875889  0.899734  0.887651
171  0.864914   0.865595  0.893165  0.879164
172  0.864549   0.864407  0.890531  0.877274
173  0.861628   0.853053  0.900604  0.876184
174  0.864184   0.864617  0.889038  0.876658
175  0.856517   0.854580  0.889333  0.871611
176  0.872581   0.880906  0.891874  0.886356
177  0.863089   0.864230  0.887995  0.875951
178  0.861993   0.867178  0.888743  0.877828
179  0.859803   0.863281  0.884000  0.873518
180  0.864914   0.872636  0.891753  0.882091
181  0.870026   0.872821  0.894772  0.883660
182  0.872946   0.873377  0.897864  0.885451
183  0.876597   0.869509  0.908232  0.888449
184  0.859073   0.855016  0.890762  0.872523
185  0.862724   0.864407  0.887550  0.875826
186  0.871121   0.876582  0.897602  0.886968
187  0.864549   0.857955  0.902990  0.879896
188  0.867105   0.872739  0.882194  0.877441
189  0.867105   0.869040  0.896393  0.882505
190  0.876962   0.868594  0.906100  0.886951
191  0.864914   0.868627  0.887183  0.877807
192  0.854326   0.863928  0.878017  0.870916
193  0.869295   0.870798  0.890762  0.880667
194  0.864184   0.871193  0.890402  0.880693
195  0.863819   0.877778  0.878352  0.878065
196  0.876232   0.892267  0.884666  0.888450
197  0.871851   0.868810  0.901869  0.885031
198  0.863819   0.872116  0.880826  0.876449
199  0.869295   0.873139  0.892786  0.882853

[200 rows x 4 columns]
accuracy     0.865223
precision    0.867237
recall       0.891101
f1           0.878958
dtype: float64
Results for 7nn
     accuracy  precision    recall        f1
0    0.868930   0.870071  0.894947  0.882334
1    0.861628   0.859569  0.889189  0.874128
2    0.855787   0.865183  0.874917  0.870023
3    0.860168   0.856785  0.898950  0.877362
4    0.855057   0.862620  0.881201  0.871811
5    0.860898   0.877228  0.872047  0.874630
6    0.865644   0.868404  0.894565  0.881290
7    0.864184   0.861309  0.893746  0.877228
8    0.856152   0.861129  0.880557  0.870735
9    0.865279   0.861480  0.900794  0.880698
10   0.863454   0.864610  0.896214  0.880128
11   0.865279   0.865348  0.895641  0.880234
12   0.856517   0.860299  0.881491  0.870766
13   0.859438   0.858618  0.889037  0.873563
14   0.870026   0.872704  0.898891  0.885604
15   0.866009   0.866157  0.896438  0.881037
16   0.864914   0.861716  0.897333  0.879164
17   0.852866   0.851638  0.885180  0.868085
18   0.857612   0.854662  0.890154  0.872047
19   0.856882   0.853519  0.893165  0.872892
20   0.849580   0.840617  0.888587  0.863937
21   0.866009   0.883828  0.875163  0.879475
22   0.850675   0.852201  0.886200  0.868868
23   0.851041   0.843366  0.886998  0.864632
24   0.861628   0.862708  0.891749  0.876988
25   0.863819   0.856878  0.907843  0.881625
26   0.853231   0.848191  0.887162  0.867239
27   0.860533   0.857325  0.894947  0.875732
28   0.859438   0.871845  0.878096  0.874959
29   0.851406   0.844487  0.890457  0.866863
..        ...        ...       ...       ...
170  0.868565   0.865900  0.900398  0.882812
171  0.869660   0.866242  0.902455  0.883978
172  0.856152   0.855289  0.885158  0.869967
173  0.856882   0.849586  0.895232  0.871812
174  0.860533   0.858999  0.889038  0.873761
175  0.852501   0.849045  0.888667  0.868404
176  0.861628   0.867864  0.886632  0.877147
177  0.856517   0.853737  0.888665  0.870851
178  0.862724   0.862720  0.896597  0.879332
179  0.855422   0.854300  0.887333  0.870504
180  0.860898   0.866625  0.891753  0.879009
181  0.866375   0.866283  0.896095  0.880937
182  0.865644   0.862644  0.897196  0.879581
183  0.870756   0.858779  0.910931  0.884086
184  0.852136   0.844189  0.891436  0.867170
185  0.862359   0.859627  0.893574  0.876272
186  0.860898   0.863579  0.894362  0.878701
187  0.863819   0.851990  0.910299  0.880180
188  0.858708   0.862850  0.877454  0.870091
189  0.861263   0.862571  0.893115  0.877577
190  0.860898   0.850455  0.896504  0.872873
191  0.859438   0.860661  0.886515  0.873397
192  0.857612   0.862397  0.887149  0.874598
193  0.867470   0.860825  0.900877  0.880395
194  0.857612   0.862720  0.888457  0.875399
195  0.860898   0.868895  0.884238  0.876499
196  0.871121   0.879612  0.890564  0.885054
197  0.871851   0.867393  0.903872  0.885257
198  0.857612   0.862924  0.880160  0.871457
199  0.862359   0.864396  0.890139  0.877079

[200 rows x 4 columns]
accuracy     0.859781
precision    0.858529
recall       0.891720
f1           0.874757
dtype: float64
Results for SVM
     accuracy  precision    recall        f1
0    0.911281   0.895298  0.949468  0.921588
1    0.916028   0.887237  0.967568  0.925663
2    0.906170   0.890411  0.946393  0.917549
3    0.907631   0.881682  0.963255  0.920665
4    0.909456   0.895808  0.948433  0.921370
5    0.909456   0.897756  0.944882  0.920716
6    0.908361   0.894802  0.946955  0.920140
7    0.898138   0.877029  0.944855  0.909680
8    0.899233   0.887839  0.934970  0.910795
9    0.905075   0.888820  0.946429  0.916720
10   0.906900   0.892440  0.947781  0.919278
11   0.904345   0.894207  0.937913  0.915538
12   0.913472   0.898049  0.950067  0.923326
13   0.895217   0.874768  0.943182  0.907687
14   0.907265   0.888282  0.954338  0.920126
15   0.892662   0.874387  0.941293  0.906607
16   0.902519   0.884591  0.945333  0.913954
17   0.889741   0.863747  0.947931  0.903883
18   0.899963   0.883092  0.941058  0.911154
19   0.913107   0.893366  0.956204  0.923718
20   0.899963   0.875313  0.949049  0.910691
21   0.918583   0.914394  0.942484  0.928227
22   0.904710   0.885176  0.952910  0.917795
23   0.902154   0.880304  0.946222  0.912073
24   0.904345   0.879927  0.957756  0.917193
25   0.903249   0.884967  0.950327  0.916483
26   0.903980   0.879601  0.952703  0.914693
27   0.899598   0.880967  0.944814  0.911774
28   0.915298   0.902847  0.951108  0.926349
29   0.905075   0.877614  0.959005  0.916506
..        ...        ...       ...       ...
170  0.901424   0.884328  0.944223  0.913295
171  0.903249   0.877737  0.957532  0.915900
172  0.911647   0.890909  0.954332  0.921530
173  0.897773   0.872000  0.951645  0.910083
174  0.901789   0.886912  0.938803  0.912120
175  0.891931   0.863527  0.953333  0.906210
176  0.913107   0.896552  0.954128  0.924444
177  0.899963   0.875386  0.951710  0.911954
178  0.901789   0.888341  0.942408  0.914576
179  0.901424   0.880099  0.949333  0.913406
180  0.905075   0.894383  0.943943  0.918495
181  0.909091   0.891439  0.951026  0.920269
182  0.920409   0.901003  0.959947  0.929541
183  0.913107   0.889237  0.958839  0.922727
184  0.896678   0.872208  0.948078  0.908562
185  0.904345   0.888398  0.943106  0.914935
186  0.904710   0.886145  0.953338  0.918514
187  0.902154   0.883447  0.946844  0.914047
188  0.906900   0.894703  0.937712  0.915702
189  0.903614   0.881890  0.954754  0.916877
190  0.903614   0.882767  0.944483  0.912583
191  0.909456   0.890625  0.951268  0.919948
192  0.892296   0.881158  0.933464  0.906557
193  0.913107   0.889793  0.958193  0.922727
194  0.902884   0.895782  0.936446  0.915663
195  0.903980   0.885036  0.951602  0.917113
196  0.909091   0.894867  0.948231  0.920776
197  0.900694   0.886995  0.937917  0.911746
198  0.902154   0.882754  0.947403  0.913937
199  0.917853   0.895449  0.963600  0.928275

[200 rows x 4 columns]
accuracy     0.905130
precision    0.886265
recall       0.949151
f1           0.916592
dtype: float64
Results for D Tree
     accuracy  precision    recall        f1
0    0.917123   0.877141  0.987367  0.928996
1    0.925520   0.884337  0.991892  0.935032
2    0.924060   0.885275  0.990735  0.935041
3    0.917853   0.877836  0.990157  0.930620
4    0.922599   0.885064  0.990209  0.934689
5    0.921869   0.884841  0.988189  0.933664
6    0.932092   0.896511  0.992796  0.942200
7    0.924425   0.887409  0.985878  0.934055
8    0.923330   0.880799  0.995355  0.934579
9    0.926250   0.885294  0.995370  0.937111
10   0.925155   0.886430  0.993473  0.936904
11   0.916028   0.875000  0.989432  0.928704
12   0.928076   0.889088  0.992676  0.938031
13   0.920409   0.880357  0.988636  0.931360
14   0.921869   0.885447  0.988258  0.934032
15   0.927346   0.891731  0.988786  0.937754
16   0.925885   0.888091  0.989333  0.935982
17   0.926250   0.885714  0.993324  0.936438
18   0.922599   0.883303  0.988614  0.932996
19   0.924060   0.884547  0.991374  0.934919
20   0.921504   0.877477  0.992527  0.931463
21   0.928076   0.892752  0.990196  0.938953
22   0.920044   0.881257  0.990190  0.932553
23   0.921504   0.878623  0.990470  0.931200
24   0.926250   0.887773  0.992079  0.937032
25   0.918949   0.880675  0.988889  0.931650
26   0.920409   0.878752  0.989189  0.930706
27   0.924425   0.883048  0.994016  0.935252
28   0.928076   0.890707  0.993481  0.939291
29   0.917853   0.874777  0.990591  0.929089
..        ...        ...       ...       ...
170  0.925885   0.888491  0.989376  0.936224
171  0.931727   0.899033  0.986729  0.940842
172  0.923330   0.880428  0.993956  0.933754
173  0.924060   0.885611  0.987911  0.933968
174  0.927346   0.889831  0.988568  0.936604
175  0.915298   0.872066  0.990667  0.927591
176  0.923695   0.887581  0.988204  0.935194
177  0.916028   0.871976  0.991281  0.927809
178  0.921869   0.885111  0.988220  0.933828
179  0.922599   0.884707  0.987333  0.933207
180  0.930632   0.899179  0.988402  0.941682
181  0.923330   0.883324  0.992058  0.934539
182  0.922234   0.883125  0.988652  0.932913
183  0.926250   0.884615  0.993252  0.935791
184  0.909456   0.863022  0.989885  0.922111
185  0.925155   0.884776  0.991968  0.935311
186  0.922965   0.890387  0.984446  0.935057
187  0.920044   0.876905  0.994020  0.931797
188  0.922234   0.881182  0.989167  0.932057
189  0.916028   0.877111  0.987541  0.929056
190  0.923330   0.881957  0.988348  0.932127
191  0.925885   0.887957  0.989319  0.935901
192  0.921869   0.882763  0.992172  0.934275
193  0.914202   0.870546  0.988537  0.925797
194  0.924425   0.889213  0.988975  0.936445
195  0.922234   0.883450  0.991498  0.934361
196  0.927711   0.892435  0.989515  0.938471
197  0.920409   0.883234  0.984646  0.931187
198  0.923330   0.881346  0.994008  0.934293
199  0.926981   0.889946  0.990073  0.937343

[200 rows x 4 columns]
accuracy     0.922581
precision    0.882892
recall       0.990430
f1           0.933560
dtype: float64
Results for Random Forest
     accuracy  precision    recall        f1
0    0.918218   0.875147  0.992686  0.930218
1    0.920044   0.882353  0.983108  0.930010
2    0.921869   0.883501  0.988749  0.933167
3    0.914202   0.874927  0.986877  0.927536
4    0.923330   0.884302  0.992820  0.935424
5    0.922965   0.885044  0.990157  0.934655
6    0.932822   0.897573  0.992796  0.942786
7    0.924060   0.885473  0.987895  0.933884
8    0.920044   0.879717  0.990046  0.931627
9    0.926250   0.885748  0.994709  0.937072
10   0.923695   0.883034  0.995431  0.935870
11   0.914932   0.876986  0.984148  0.927482
12   0.921139   0.887817  0.980027  0.931646
13   0.921504   0.879218  0.992647  0.932496
14   0.922599   0.885581  0.989563  0.934689
15   0.926250   0.890606  0.988127  0.936836
16   0.925885   0.887627  0.990000  0.936023
17   0.927346   0.885460  0.995995  0.937480
18   0.917123   0.875445  0.988614  0.928594
19   0.924790   0.885139  0.992037  0.935544
20   0.916028   0.876820  0.981658  0.926282
21   0.922599   0.888561  0.984967  0.934284
22   0.918583   0.881871  0.986266  0.931152
23   0.923695   0.882282  0.989789  0.932948
24   0.927711   0.892665  0.988119  0.937970
25   0.918218   0.877894  0.991503  0.931246
26   0.917123   0.872695  0.991216  0.928187
27   0.925885   0.884229  0.995346  0.936503
28   0.927346   0.892416  0.989570  0.938485
29   0.917488   0.877844  0.985215  0.928436
..        ...        ...       ...       ...
170  0.923695   0.887627  0.986056  0.934256
171  0.935013   0.898620  0.994028  0.943919
172  0.918949   0.874188  0.993956  0.930233
173  0.925155   0.885817  0.989926  0.934983
174  0.926250   0.887749  0.989240  0.935751
175  0.912742   0.868929  0.990000  0.925522
176  0.925155   0.890597  0.986894  0.936276
177  0.913472   0.869693  0.989269  0.925635
178  0.922234   0.883830  0.990838  0.934280
179  0.923695   0.883541  0.991333  0.934339
180  0.930632   0.898246  0.989691  0.941754
181  0.924425   0.885799  0.990735  0.935333
182  0.923695   0.883859  0.990654  0.934215
183  0.926616   0.887009  0.990553  0.935926
184  0.910186   0.862757  0.991908  0.922836
185  0.902154   0.851491  0.993976  0.917233
186  0.923330   0.890451  0.985094  0.935385
187  0.917488   0.874634  0.992027  0.929639
188  0.923695   0.882850  0.989844  0.933291
189  0.917488   0.876959  0.990820  0.930419
190  0.922599   0.882750  0.985607  0.931347
191  0.926616   0.889022  0.989319  0.936493
192  0.921139   0.882182  0.991520  0.933661
193  0.913107   0.869436  0.987862  0.924874
194  0.924060   0.888242  0.989624  0.936196
195  0.922599   0.883965  0.991498  0.934649
196  0.928806   0.891701  0.992792  0.939535
197  0.919314   0.879833  0.987316  0.930481
198  0.910916   0.864849  0.992676  0.924365
199  0.928076   0.889218  0.993382  0.938418

[200 rows x 4 columns]
accuracy     0.921274
precision    0.881389
recall       0.989925
f1           0.932485
dtype: float64
